Active-HDL 8.3.2120.sp1.14.3884  2022-08-30 09:36:14

Elaboration top modules:
VHDL Configuration            testbench_for_auto_car


-------------------------------------------------------------------------------------------------------
Entity      | Architecture    | Library | Info | Compiler Version                | Compilation Options
-------------------------------------------------------------------------------------------------------
auto_car_tb | tb_architecture | p       |      | 8.3.2120.sp1.14.3884  (Windows) | -O3 -2002
Auto_Car    | auto_car        | p       |      | 8.3.2120.sp1.14.3884  (Windows) | -O3 -2002
-------------------------------------------------------------------------------------------------------

-------------------------------------------------------------------------------------------------------
VHDL Configuration            | Library | Info | Compiler Version                | Compilation Options
-------------------------------------------------------------------------------------------------------
testbench_for_auto_car        | p       |      | 8.3.2120.sp1.14.3884  (Windows) | -O3 -2002
-------------------------------------------------------------------------------------------------------

-------------------------------------------------------------------------------------------------------
VHDL Package                  | Library | Info | Compiler Version                | Compilation Options
-------------------------------------------------------------------------------------------------------
standard                      | std     |      |                                 | <unavailable>
TEXTIO                        | std     |      | 8.3.2120.sp1.14.3884  (Windows) | -2008
std_logic_1164                | ieee    |      | 8.3.2120.sp1.14.3884  (Windows) | -2008
NUMERIC_STD                   | ieee    |      | 8.3.2120.sp1.14.3884  (Windows) | -2008
-------------------------------------------------------------------------------------------------------

-------------------------------------------------------------------------------------------------------
Library                       | Comment
-------------------------------------------------------------------------------------------------------
ieee                          | Standard IEEE packages library
p                             | None
std                           | Standard VHDL library
-------------------------------------------------------------------------------------------------------
